<?xml version="1.0" encoding="UTF-8"?>
<testng-results skipped="0" failed="0" ignored="0" total="1" passed="1">
  <reporter-output>
  </reporter-output>
  <suite name="Surefire suite" duration-ms="34" started-at="2020-09-28T12:11:31 IST" finished-at="2020-09-28T12:11:31 IST">
    <groups>
    </groups>
    <test name="Surefire test" duration-ms="34" started-at="2020-09-28T12:11:31 IST" finished-at="2020-09-28T12:11:31 IST">
      <class name="Arman.Bangalore.AppTest">
        <test-method status="PASS" signature="testApp()[pri:0, instance:testApp(Arman.Bangalore.AppTest)]" name="testApp" duration-ms="3" started-at="2020-09-28T12:11:31 IST" finished-at="2020-09-28T12:11:31 IST">
          <reporter-output>
          </reporter-output>
        </test-method> <!-- testApp -->
      </class> <!-- Arman.Bangalore.AppTest -->
    </test> <!-- Surefire test -->
  </suite> <!-- Surefire suite -->
</testng-results>
