<?xml version="1.0" encoding="UTF-8"?>
<testng-results skipped="0" failed="0" ignored="0" total="2" passed="2">
  <reporter-output>
  </reporter-output>
  <suite name="Suite" duration-ms="156" started-at="2020-09-28T13:16:20 IST" finished-at="2020-09-28T13:16:20 IST">
    <groups>
    </groups>
    <test name="Test" duration-ms="156" started-at="2020-09-28T13:16:20 IST" finished-at="2020-09-28T13:16:20 IST">
      <class name="Arman.Bangalore.mangoTest">
        <test-method status="PASS" signature="banana()[pri:0, instance:Arman.Bangalore.mangoTest@192b07fd]" name="banana" duration-ms="14" started-at="2020-09-28T13:16:20 IST" finished-at="2020-09-28T13:16:20 IST">
          <reporter-output>
          </reporter-output>
        </test-method> <!-- banana -->
        <test-method status="PASS" signature="fruit()[pri:0, instance:Arman.Bangalore.mangoTest@192b07fd]" name="fruit" duration-ms="2" started-at="2020-09-28T13:16:20 IST" finished-at="2020-09-28T13:16:20 IST">
          <reporter-output>
          </reporter-output>
        </test-method> <!-- fruit -->
      </class> <!-- Arman.Bangalore.mangoTest -->
    </test> <!-- Test -->
  </suite> <!-- Suite -->
</testng-results>
