<?xml version="1.0" encoding="UTF-8"?>
<testng-results skipped="0" failed="0" ignored="0" total="1" passed="1">
  <reporter-output>
  </reporter-output>
  <suite name="Default suite" duration-ms="174" started-at="2020-09-27T18:29:17 IST" finished-at="2020-09-27T18:29:17 IST">
    <groups>
    </groups>
    <test name="Default test" duration-ms="174" started-at="2020-09-27T18:29:17 IST" finished-at="2020-09-27T18:29:17 IST">
      <class name="Arman.Bangalore.mangoTest">
        <test-method status="PASS" signature="fruit()[pri:0, instance:Arman.Bangalore.mangoTest@7791a895]" name="fruit" duration-ms="31" started-at="2020-09-27T18:29:17 IST" finished-at="2020-09-27T18:29:17 IST">
          <reporter-output>
          </reporter-output>
        </test-method> <!-- fruit -->
      </class> <!-- Arman.Bangalore.mangoTest -->
    </test> <!-- Default test -->
  </suite> <!-- Default suite -->
</testng-results>
